1618404493112	geckodriver	INFO	Listening on 127.0.0.1:57068
1618404496122	mozrunner::runner	INFO	Running command: "C:\\Program Files\\Mozilla Firefox\\firefox.exe" "--marionette" "-foreground" "-no-remote" "-profile" "C:\\Users\\FlynzPiou\\AppData\\Local\\Temp\\rust_mozprofileevjq9f"
console.warn: SearchSettings: "get: No settings file exists, new profile?" (new Error("", "(unknown module)"))
1618404498256	Marionette	INFO	Listening on port 57078
1618404498345	Marionette	WARN	TLS certificate errors will be ignored for this session
JavaScript error: https://cdnjs.cloudflare.com/ajax/libs/jquery-easing/1.4.1/jquery.easing.min.js, line 1: TypeError: $.easing is undefined
JavaScript error: https://cdnjs.cloudflare.com/ajax/libs/jquery-easing/1.4.1/jquery.easing.min.js, line 1: TypeError: $.easing is undefined
JavaScript error: https://cdnjs.cloudflare.com/ajax/libs/jquery-easing/1.4.1/jquery.easing.min.js, line 1: TypeError: $.easing is undefined
JavaScript error: https://cdnjs.cloudflare.com/ajax/libs/jquery-easing/1.4.1/jquery.easing.min.js, line 1: TypeError: $.easing is undefined
1618404504305	Marionette	INFO	Stopped listening on port 57078

###!!! [Child][RunMessage] Error: Channel closing: too late to send/recv, messages will be lost

1618404505202	geckodriver	INFO	Listening on 127.0.0.1:57148
1618404508223	mozrunner::runner	INFO	Running command: "C:\\Program Files\\Mozilla Firefox\\firefox.exe" "--marionette" "-foreground" "-no-remote" "-profile" "C:\\Users\\FlynzPiou\\AppData\\Local\\Temp\\rust_mozprofileA2A8bR"
console.warn: SearchSettings: "get: No settings file exists, new profile?" (new Error("", "(unknown module)"))
1618404510082	Marionette	INFO	Listening on port 57158
1618404510279	Marionette	WARN	TLS certificate errors will be ignored for this session
JavaScript error: https://cdnjs.cloudflare.com/ajax/libs/jquery-easing/1.4.1/jquery.easing.min.js, line 1: TypeError: $.easing is undefined
JavaScript error: https://cdnjs.cloudflare.com/ajax/libs/jquery-easing/1.4.1/jquery.easing.min.js, line 1: TypeError: $.easing is undefined
JavaScript error: https://cdnjs.cloudflare.com/ajax/libs/jquery-easing/1.4.1/jquery.easing.min.js, line 1: TypeError: $.easing is undefined
JavaScript error: https://cdnjs.cloudflare.com/ajax/libs/jquery-easing/1.4.1/jquery.easing.min.js, line 1: TypeError: $.easing is undefined
JavaScript error: https://cdnjs.cloudflare.com/ajax/libs/jquery-easing/1.4.1/jquery.easing.min.js, line 1: TypeError: $.easing is undefined
JavaScript error: https://cdnjs.cloudflare.com/ajax/libs/jquery-easing/1.4.1/jquery.easing.min.js, line 1: TypeError: $.easing is undefined
1618404521788	Marionette	INFO	Stopped listening on port 57158

###!!! [Child][RunMessage] Error: Channel closing: too late to send/recv, messages will be lost

1618407211132	geckodriver	INFO	Listening on 127.0.0.1:57997
1618407214153	mozrunner::runner	INFO	Running command: "C:\\Program Files\\Mozilla Firefox\\firefox.exe" "--marionette" "-foreground" "-no-remote" "-profile" "C:\\Users\\FlynzPiou\\AppData\\Local\\Temp\\rust_mozprofilefhIOGx"
console.warn: SearchSettings: "get: No settings file exists, new profile?" (new Error("", "(unknown module)"))
1618407216088	Marionette	INFO	Listening on port 58005
1618407216205	Marionette	WARN	TLS certificate errors will be ignored for this session
JavaScript error: https://cdnjs.cloudflare.com/ajax/libs/jquery-easing/1.4.1/jquery.easing.min.js, line 1: TypeError: $.easing is undefined
JavaScript error: https://cdnjs.cloudflare.com/ajax/libs/jquery-easing/1.4.1/jquery.easing.min.js, line 1: TypeError: $.easing is undefined
JavaScript error: https://cdnjs.cloudflare.com/ajax/libs/jquery-easing/1.4.1/jquery.easing.min.js, line 1: TypeError: $.easing is undefined
JavaScript error: https://cdnjs.cloudflare.com/ajax/libs/jquery-easing/1.4.1/jquery.easing.min.js, line 1: TypeError: $.easing is undefined
1618407221803	Marionette	INFO	Stopped listening on port 58005

###!!! [Child][RunMessage] Error: Channel closing: too late to send/recv, messages will be lost

1618407222839	geckodriver	INFO	Listening on 127.0.0.1:58058
1618407225866	mozrunner::runner	INFO	Running command: "C:\\Program Files\\Mozilla Firefox\\firefox.exe" "--marionette" "-foreground" "-no-remote" "-profile" "C:\\Users\\FlynzPiou\\AppData\\Local\\Temp\\rust_mozprofilevndHF4"
console.warn: SearchSettings: "get: No settings file exists, new profile?" (new Error("", "(unknown module)"))
1618407227710	Marionette	INFO	Listening on port 58068
1618407227954	Marionette	WARN	TLS certificate errors will be ignored for this session
JavaScript error: https://cdnjs.cloudflare.com/ajax/libs/jquery-easing/1.4.1/jquery.easing.min.js, line 1: TypeError: $.easing is undefined
JavaScript error: https://cdnjs.cloudflare.com/ajax/libs/jquery-easing/1.4.1/jquery.easing.min.js, line 1: TypeError: $.easing is undefined
JavaScript error: https://cdnjs.cloudflare.com/ajax/libs/jquery-easing/1.4.1/jquery.easing.min.js, line 1: TypeError: $.easing is undefined
JavaScript error: https://cdnjs.cloudflare.com/ajax/libs/jquery-easing/1.4.1/jquery.easing.min.js, line 1: TypeError: $.easing is undefined
JavaScript error: https://cdnjs.cloudflare.com/ajax/libs/jquery-easing/1.4.1/jquery.easing.min.js, line 1: TypeError: $.easing is undefined
JavaScript error: https://cdnjs.cloudflare.com/ajax/libs/jquery-easing/1.4.1/jquery.easing.min.js, line 1: TypeError: $.easing is undefined
1618407239223	Marionette	INFO	Stopped listening on port 58068

###!!! [Child][RunMessage] Error: Channel closing: too late to send/recv, messages will be lost

1618407262504	geckodriver	INFO	Listening on 127.0.0.1:58156
1618407265538	mozrunner::runner	INFO	Running command: "C:\\Program Files\\Mozilla Firefox\\firefox.exe" "--marionette" "-foreground" "-no-remote" "-profile" "C:\\Users\\FlynzPiou\\AppData\\Local\\Temp\\rust_mozprofilesAePGS"
console.warn: SearchSettings: "get: No settings file exists, new profile?" (new Error("", "(unknown module)"))
1618407267340	Marionette	INFO	Listening on port 58164
1618407267609	Marionette	WARN	TLS certificate errors will be ignored for this session
JavaScript error: https://cdnjs.cloudflare.com/ajax/libs/jquery-easing/1.4.1/jquery.easing.min.js, line 1: TypeError: $.easing is undefined
JavaScript error: https://cdnjs.cloudflare.com/ajax/libs/jquery-easing/1.4.1/jquery.easing.min.js, line 1: TypeError: $.easing is undefined
JavaScript error: https://cdnjs.cloudflare.com/ajax/libs/jquery-easing/1.4.1/jquery.easing.min.js, line 1: TypeError: $.easing is undefined
JavaScript error: https://cdnjs.cloudflare.com/ajax/libs/jquery-easing/1.4.1/jquery.easing.min.js, line 1: TypeError: $.easing is undefined
1618407273397	Marionette	INFO	Stopped listening on port 58164

###!!! [Child][RunMessage] Error: Channel closing: too late to send/recv, messages will be lost

1618407274201	geckodriver	INFO	Listening on 127.0.0.1:58216
1618407277243	mozrunner::runner	INFO	Running command: "C:\\Program Files\\Mozilla Firefox\\firefox.exe" "--marionette" "-foreground" "-no-remote" "-profile" "C:\\Users\\FlynzPiou\\AppData\\Local\\Temp\\rust_mozprofileNXr6Ko"
console.warn: SearchSettings: "get: No settings file exists, new profile?" (new Error("", "(unknown module)"))
1618407279312	Marionette	INFO	Listening on port 58226
1618407279406	Marionette	WARN	TLS certificate errors will be ignored for this session
JavaScript error: https://cdnjs.cloudflare.com/ajax/libs/jquery-easing/1.4.1/jquery.easing.min.js, line 1: TypeError: $.easing is undefined
JavaScript error: https://cdnjs.cloudflare.com/ajax/libs/jquery-easing/1.4.1/jquery.easing.min.js, line 1: TypeError: $.easing is undefined
JavaScript error: https://cdnjs.cloudflare.com/ajax/libs/jquery-easing/1.4.1/jquery.easing.min.js, line 1: TypeError: $.easing is undefined
JavaScript error: https://cdnjs.cloudflare.com/ajax/libs/jquery-easing/1.4.1/jquery.easing.min.js, line 1: TypeError: $.easing is undefined
JavaScript error: https://cdnjs.cloudflare.com/ajax/libs/jquery-easing/1.4.1/jquery.easing.min.js, line 1: TypeError: $.easing is undefined
JavaScript error: https://cdnjs.cloudflare.com/ajax/libs/jquery-easing/1.4.1/jquery.easing.min.js, line 1: TypeError: $.easing is undefined
1618407290833	Marionette	INFO	Stopped listening on port 58226

###!!! [Child][RunMessage] Error: Channel closing: too late to send/recv, messages will be lost

1618496065234	geckodriver	INFO	Listening on 127.0.0.1:62509
1618496068237	mozrunner::runner	INFO	Running command: "C:\\Program Files\\Mozilla Firefox\\firefox.exe" "--marionette" "-foreground" "-no-remote" "-profile" "C:\\Users\\FlynzPiou\\AppData\\Local\\Temp\\rust_mozprofilesWjrxk"
console.warn: SearchSettings: "get: No settings file exists, new profile?" (new Error("", "(unknown module)"))
1618496070372	Marionette	INFO	Listening on port 62518
1618496070395	Marionette	WARN	TLS certificate errors will be ignored for this session
1618496077695	Marionette	INFO	Stopped listening on port 62518

###!!! [Child][RunMessage] Error: Channel closing: too late to send/recv, messages will be lost

"--marionette" "-foreground" "-no-remote" "-profile" "C:\\Users\\FlynzPiou\\AppData\\Local\\Temp\\rust_mozprofileLWoCjs"
console.warn: SearchSettings: "get: No settings file exists, new profile?" (new Error("", "(unknown module)"))
1618496076046	Marionette	INFO	Listening on port 62574
1618496076112	Marionette	WARN	TLS certificate errors will be ignored for this session
1618496077263	Marionette	INFO	Stopped listening on port 62574

###!!! [Child][RunMessage] Error: Channel closing: too late to send/recv, messages will be lost

1618496343181	geckodriver	INFO	Listening on 127.0.0.1:62709
1618496346213	mozrunner::runner	INFO	Running command: "C:\\Program Files\\Mozilla Firefox\\firefox.exe" "--marionette" "-foreground" "-no-remote" "-profile" "C:\\Users\\FlynzPiou\\AppData\\Local\\Temp\\rust_mozprofiles9Mlbf"
console.warn: SearchSettings: "get: No settings file exists, new profile?" (new Error("", "(unknown module)"))
1618496348242	Marionette	INFO	Listening on port 62717
1618496348279	Marionette	WARN	TLS certificate errors will be ignored for this session
1618496365141	Marionette	INFO	Stopped listening on port 62717

###!!! [Child][RunMessage] Error: Channel closing: too late to send/recv, messages will be lost

"--marionette" "-foreground" "-no-remote" "-profile" "C:\\Users\\FlynzPiou\\AppData\\Local\\Temp\\rust_mozprofileNjSkUj"
console.warn: SearchSettings: "get: No settings file exists, new profile?" (new Error("", "(unknown module)"))
1618496353873	Marionette	INFO	Listening on port 62770
1618496354018	Marionette	WARN	TLS certificate errors will be ignored for this session
1618496364587	Marionette	INFO	Stopped listening on port 62770

###!!! [Child][RunMessage] Error: Channel closing: too late to send/recv, messages will be lost

1618496065234	geckodriver	INFO	Listening on 127.0.0.1:62509
1618496068237	mozrunner::runner	INFO	Running command: "C:\\Program Files\\Mozilla Firefox\\firefox.exe" "--marionette" "-foreground" "-no-remote" "-profile" "C:\\Users\\FlynzPiou\\AppData\\Local\\Temp\\rust_mozprofilesWjrxk"
console.warn: SearchSettings: "get: No settings file exists, new profile?" (new Error("", "(unknown module)"))
1618496070372	Marionette	INFO	Listening on port 62518
1618496070395	Marionette	WARN	TLS certificate errors will be ignored for this session
1618496077695	Marionette	INFO	Stopped listening on port 62518

###!!! [Child][RunMessage] Error: Channel closing: too late to send/recv, messages will be lost

"--marionette" "-foreground" "-no-remote" "-profile" "C:\\Users\\FlynzPiou\\AppData\\Local\\Temp\\rust_mozprofileLWoCjs"
console.warn: SearchSettings: "get: No settings file exists, new profile?" (new Error("", "(unknown module)"))
1618496076046	Marionette	INFO	Listening on port 62574
1618496076112	Marionette	WARN	TLS certificate errors will be ignored for this session
1618496077263	Marionette	INFO	Stopped listening on port 62574

###!!! [Child][RunMessage] Error: Channel closing: too late to send/recv, messages will be lost

1618496343181	geckodriver	INFO	Listening on 127.0.0.1:62709
1618496346213	mozrunner::runner	INFO	Running command: "C:\\Program Files\\Mozilla Firefox\\firefox.exe" "--marionette" "-foreground" "-no-remote" "-profile" "C:\\Users\\FlynzPiou\\AppData\\Local\\Temp\\rust_mozprofiles9Mlbf"
console.warn: SearchSettings: "get: No settings file exists, new profile?" (new Error("", "(unknown module)"))
1618496348242	Marionette	INFO	Listening on port 62717
1618496348279	Marionette	WARN	TLS certificate errors will be ignored for this session
1618496365141	Marionette	INFO	Stopped listening on port 62717

###!!! [Child][RunMessage] Error: Channel closing: too late to send/recv, messages will be lost

"--marionette" "-foreground" "-no-remote" "-profile" "C:\\Users\\FlynzPiou\\AppData\\Local\\Temp\\rust_mozprofileNjSkUj"
console.warn: SearchSettings: "get: No settings file exists, new profile?" (new Error("", "(unknown module)"))
1618496353873	Marionette	INFO	Listening on port 62770
1618496354018	Marionette	WARN	TLS certificate errors will be ignored for this session
1618496364587	Marionette	INFO	Stopped listening on port 62770

###!!! [Child][RunMessage] Error: Channel closing: too late to send/recv, messages will be lost

1618497286044	geckodriver	INFO	Listening on 127.0.0.1:63094
1618497289085	mozrunner::runner	INFO	Running command: "C:\\Program Files\\Mozilla Firefox\\firefox.exe" "--marionette" "-foreground" "-no-remote" "-profile" "C:\\Users\\FlynzPiou\\AppData\\Local\\Temp\\rust_mozprofilehRUyiM"
console.warn: SearchSettings: "get: No settings file exists, new profile?" (new Error("", "(unknown module)"))
1618497291287	Marionette	INFO	Listening on port 63102
1618497291456	Marionette	WARN	TLS certificate errors will be ignored for this session
1618497302632	Marionette	INFO	Stopped listening on port 63102
8497295188	mozrunner::runner	INFO	Running command: "C:\\Program Files\\Mozilla Firefox\\firefox.exe" "--marionette" "-foreground" "-no-remote" "-profile" "C:\\Users\\FlynzPiou\\AppData\\Local\\Temp\\rust_mozprofilezNd9Fw"
console.warn: SearchSettings: "get: No settings file exists, new profile?" (new Error("", "(unknown module)"))
1618497297449	Marionette	INFO	Listening on port 63157
1618497297858	Marionette	WARN	TLS certificate errors will be ignored for this session
1618497302043	Marionette	INFO	Stopped listening on port 63157

###!!! [Child][RunMessage] Error: Channel closing: too late to send/recv, messages will be lost

